<?xml version="1.0" encoding="UTF-8"?>
<!-- Generated by org.testng.reporters.JUnitReportReporter -->
<testsuite hostname="IN-PG02NKGP" failures="1" tests="5" name="Runner.TestRunner" time="104.247" errors="0" timestamp="2022-06-02T11:05:29 IST" skipped="0">
  <testcase classname="Runner.TestRunner" name="runScenario" time="21.010"/>
  <system-out/>
  <testcase classname="Runner.TestRunner" name="runScenario" time="20.846"/>
  <system-out/>
  <testcase classname="Runner.TestRunner" name="runScenario" time="21.049"/>
  <system-out/>
  <testcase classname="Runner.TestRunner" name="runScenario" time="24.396"/>
  <system-out/>
  <testcase classname="Runner.TestRunner" name="runScenario" time="16.946">
    <failure message="expected [Media/VedeoView] but found [Media/VideoView]" type="java.lang.AssertionError">
      <![CDATA[java.lang.AssertionError: expected [Media/VedeoView] but found [Media/VideoView]
at org.testng.Assert.fail(Assert.java:99)
at org.testng.Assert.failNotEquals(Assert.java:1037)
at org.testng.Assert.assertEqualsImpl(Assert.java:140)
at org.testng.Assert.assertEquals(Assert.java:122)
at org.testng.Assert.assertEquals(Assert.java:629)
at org.testng.Assert.assertEquals(Assert.java:639)
at StepDefinition.MediaStep.it_would_be_on_expected_page(MediaStep.java:39)
at ✽.It would be on expected page(file:///C:/Users/arnabsau/Downloads/shyam/API_Exittest/./src/test/java/Features/Media_video_view.feature:9)
]]>
    </failure>
  </testcase> <!-- runScenario -->
  <system-out/>
</testsuite> <!-- Runner.TestRunner -->
